==265299== Memcheck, a memory error detector
==265299== Copyright (C) 2002-2017, and GNU GPL'd, by Julian Seward et al.
==265299== Using Valgrind-3.18.1 and LibVEX; rerun with -h for copyright info
==265299== Command: ./2048
==265299== Parent PID: 150898
==265299== 
==265299== 
==265299== HEAP SUMMARY:
==265299==     in use at exit: 100,213 bytes in 451 blocks
==265299==   total heap usage: 1,269 allocs, 818 frees, 161,857 bytes allocated
==265299== 
==265299== LEAK SUMMARY:
==265299==    definitely lost: 0 bytes in 0 blocks
==265299==    indirectly lost: 0 bytes in 0 blocks
==265299==      possibly lost: 0 bytes in 0 blocks
==265299==    still reachable: 0 bytes in 0 blocks
==265299==         suppressed: 100,213 bytes in 451 blocks
==265299== 
==265299== For lists of detected and suppressed errors, rerun with: -s
==265299== ERROR SUMMARY: 0 errors from 0 contexts (suppressed: 15 from 15)
